Version: 2.3.0+550e845
Log file for segmentation FastSurferCNN/run_prediction.py
Wed Sep 11 18:02:50 UTC 2024

python3.10 -s /fastsurfer/FastSurferCNN/run_prediction.py --t1 /data/r_IXI023-Guys-0699-IXI3DMPRAG_-s231_-0401-00004-000001-01.nii --asegdkt_segfile /output/facundo/mri/aparc.DKTatlas+aseg.deep.mgz --conformed_name /output/facundo/mri/orig.mgz --brainmask_name /output/facundo/mri/mask.mgz --aseg_name /output/facundo/mri/aseg.auto_noCCseg.mgz --sid facundo --seg_log /output/facundo/scripts/deep-seg.log --vox_size min --batch_size 1 --viewagg_device auto --device auto --allow_root --sd /output
[INFO: run_prediction.py:  652]: Checking or downloading default checkpoints ...
[INFO: common.py:  827]: Single subject with absolute file path for input.
[INFO: common.py:  885]: Analyzing single subject /data/r_IXI023-Guys-0699-IXI3DMPRAG_-s231_-0401-00004-000001-01.nii
[INFO: common.py:  986]: Output will be stored in Subjects Directory: /output
[INFO: common.py:  114]: Using device: cpu
[INFO: run_prediction.py:  245]: Running view aggregation on cpu
[INFO: inference.py:  200]: Loading checkpoint /fastsurfer/checkpoints/aparc_vinn_coronal_v2.0.0.pkl
[INFO: inference.py:  200]: Loading checkpoint /fastsurfer/checkpoints/aparc_vinn_sagittal_v2.0.0.pkl
[INFO: inference.py:  200]: Loading checkpoint /fastsurfer/checkpoints/aparc_vinn_axial_v2.0.0.pkl
[INFO: run_prediction.py:  324]: Successfully loaded image from /data/r_IXI023-Guys-0699-IXI3DMPRAG_-s231_-0401-00004-000001-01.nii.
[INFO: run_prediction.py:  441]: Output image directory /output/facundo/mri/orig does not exist. Creating it now...
[INFO: run_prediction.py:  454]: Successfully saved image   as /output/facundo/mri/orig/001.mgz.
[INFO: run_prediction.py:  337]: Conforming image
[INFO: run_prediction.py:  454]: Successfully saved image   as /output/facundo/mri/orig.mgz.
[INFO: run_prediction.py:  400]: Run coronal prediction
[INFO: dataset.py:   78]: Loading Coronal with input voxelsize (1.0, 1.0)
[INFO: inference.py:  406]: Inference on 256 batches for coronal successful
[INFO: inference.py:  468]: Coronal inference on /data/r_IXI023-Guys-0699-IXI3DMPRAG_-s231_-0401-00004-000001-01.nii finished in 624.5065 seconds
[INFO: run_prediction.py:  400]: Run sagittal prediction
[INFO: dataset.py:   69]: Loading Sagittal with input voxelsize (1.0, 1.0)
[INFO: inference.py:  406]: Inference on 256 batches for sagittal successful
[INFO: inference.py:  468]: Sagittal inference on /data/r_IXI023-Guys-0699-IXI3DMPRAG_-s231_-0401-00004-000001-01.nii finished in 748.8743 seconds
[INFO: run_prediction.py:  400]: Run axial prediction
[INFO: dataset.py:   74]: Loading Axial with input voxelsize (1.0, 1.0)
[INFO: inference.py:  406]: Inference on 256 batches for axial successful
[INFO: inference.py:  468]: Axial inference on /data/r_IXI023-Guys-0699-IXI3DMPRAG_-s231_-0401-00004-000001-01.nii finished in 943.0284 seconds
[INFO: run_prediction.py:  454]: Successfully saved image   as /output/facundo/mri/aparc.DKTatlas+aseg.deep.mgz.
[INFO: run_prediction.py:  729]: Creating brainmask based on segmentation...
[INFO: run_prediction.py:  454]: Successfully saved image   as /output/facundo/mri/mask.mgz.
[INFO: run_prediction.py:  748]: Creating aseg based on segmentation...
[INFO: run_prediction.py:  454]: Successfully saved image   as /output/facundo/mri/aseg.auto_noCCseg.mgz.
[INFO: run_prediction.py:  767]: Running volume-based QC check on segmentation...
